<?xml version="1.0" encoding="utf-8"?><testsuites name="pytest tests"><testsuite name="pytest" errors="0" failures="0" skipped="0" tests="11" time="1.558" timestamp="2026-08-15T20:21:48.673854+00:00" hostname="agent-env-610bc1c8-1c3f-4181-9020-bdca74219e0f"><testcase classname="tests.test_ayojan_api" name="test_categories" time="0.210" /><testcase classname="tests.test_ayojan_api" name="test_event_types" time="0.054" /><testcase classname="tests.test_ayojan_api" name="test_ideas" time="0.053" /><testcase classname="tests.test_ayojan_api" name="test_vendors_all" time="0.055" /><testcase classname="tests.test_ayojan_api" name="test_vendors_filter_category" time="0.105" /><testcase classname="tests.test_ayojan_api" name="test_vendors_filter_city" time="0.098" /><testcase classname="tests.test_ayojan_api" name="test_vendors_search" time="0.099" /><testcase classname="tests.test_ayojan_api" name="test_vendor_detail" time="0.097" /><testcase classname="tests.test_ayojan_api" name="test_vendor_detail_404" time="0.043" /><testcase classname="tests.test_ayojan_api" name="test_create_event_and_fetch" time="0.098" /><testcase classname="tests.test_ayojan_api" name="test_create_lead" time="0.100" /></testsuite></testsuites>